=== 已安装技能状态验证 ===
验证时间: 2026-04-04 01:33:52

📁 技能目录检查:
   drwxr-xr-x  2 root root 4096 Apr  3 22:46 afrexai-swot-analyzer
   drwxr-xr-x  3 root root 4096 Apr  4 00:44 brave-search
   drwxr-xr-x  2 root root 4096 Apr  3 22:46 data-analysis
   drwxr-xr-x  2 root root 4096 Apr  3 22:46 data-visualization-2
   drwxr-xr-x  3 root root 4096 Apr  4 01:00 exa-web-search-free
   drwxr-xr-x  3 root root 4096 Apr  3 22:44 github
   drwxr-xr-x  2 root root 4096 Apr  4 01:22 gog
   drwxr-xr-x  3 root root 4096 Apr  3 23:12 lng-market-analysis
   drwxr-xr-x  2 root root 4096 Apr  3 23:55 notion
   drwxr-xr-x  2 root root 4096 Apr  4 00:39 notion-skill
   drwxr-xr-x  4 root root 4096 Apr  3 11:25 openclaw-tavily-search
   drwxr-xr-x  3 root root 4096 Apr  4 01:06 scrapling
   drwxr-xr-x  3 root root 4096 Apr  3 23:07 tavily-search

🔧 关键技能状态:
   ✅ lng-market-analysis: 已安装 (v1.2)
      脚本目录: 8 个脚本
   ✅ exa-web-search-free: 已安装
       ✅ mcporter配置: 正常
   ✅ brave-search: 已安装
       ✅ node_modules: 已安装
   ✅ tavily-search: 已安装
       ✅ 搜索脚本: 存在
   ✅ scrapling: 已安装
       ✅ 运行脚本: 存在
   ✅ gog: 已安装
       ❌ gog CLI: 未安装 (需要单独安装)
   ✅ data-analysis: 已安装
   ✅ notion: 已安装
   ✅ github: 已安装
